This file contains any messages produced by compilers while
running configure, to aid debugging if configure makes a mistake.

It was created by configure, which was
generated by GNU Autoconf 2.60.  Invocation command line was

  $ ./configure --enable-maintainer-mode

## --------- ##
## Platform. ##
## --------- ##

hostname = linux-0ml1
uname -m = i686
uname -r = 2.6.18.2-34-default
uname -s = Linux
uname -v = #1 SMP Mon Nov 27 11:46:27 UTC 2006

/usr/bin/uname -p = unknown
/bin/uname -X     = unknown

/bin/arch              = i686
/usr/bin/arch -k       = unknown
/usr/convex/getsysinfo = unknown
/usr/bin/hostinfo      = unknown
/bin/machine           = unknown
/usr/bin/oslevel       = unknown
/bin/universe          = unknown

PATH: /sbin
PATH: /usr/sbin
PATH: /usr/local/sbin
PATH: /opt/kde3/sbin
PATH: /opt/gnome/sbin
PATH: /root/bin
PATH: /usr/local/bin
PATH: /usr/bin
PATH: /usr/X11R6/bin
PATH: /bin
PATH: /usr/games
PATH: /opt/gnome/bin
PATH: /opt/kde3/bin
PATH: /usr/lib/jvm/jre/bin
PATH: /usr/lib/mit/bin
PATH: /usr/lib/mit/sbin
PATH: /usr/lib/qt3/bin


## ----------- ##
## Core tests. ##
## ----------- ##

configure:1784: checking for a BSD-compatible install
configure:1840: result: /usr/bin/install -c
configure:1851: checking whether build environment is sane
configure:1894: result: yes
configure:1922: checking for a thread-safe mkdir -p
configure:1961: result: /bin/mkdir -p
configure:1974: checking for gawk
configure:1990: found /usr/bin/gawk
configure:2001: result: gawk
configure:2012: checking whether make sets $(MAKE)
configure:2033: result: yes
configure:2223: checking whether to enable maintainer-specific portions of Makefiles
configure:2232: result: yes
configure:2258: checking for style of include used by make
configure:2286: result: GNU
configure:2356: checking for gcc
configure:2372: found /usr/bin/gcc
configure:2383: result: gcc
configure:2621: checking for C compiler version
configure:2628: gcc --version >&5
gcc (GCC) 4.1.2 20061115 (prerelease) (SUSE Linux)
Copyright (C) 2006 Free Software Foundation, Inc.
This is free software; see the source for copying conditions.  There is NO
warranty; not even for MERCHANTABILITY or FITNESS FOR A PARTICULAR PURPOSE.

configure:2631: $? = 0
configure:2638: gcc -v >&5
Using built-in specs.
Target: i586-suse-linux
Configured with: ../configure --enable-threads=posix --prefix=/usr --with-local-prefix=/usr/local --infodir=/usr/share/info --mandir=/usr/share/man --libdir=/usr/lib --libexecdir=/usr/lib --enable-languages=c,c++,objc,fortran,obj-c++,java,ada --enable-checking=release --with-gxx-include-dir=/usr/include/c++/4.1.2 --enable-ssp --disable-libssp --disable-libgcj --with-slibdir=/lib --with-system-zlib --enable-shared --enable-__cxa_atexit --enable-libstdcxx-allocator=new --program-suffix=-4.1 --enable-version-specific-runtime-libs --without-system-libunwind --with-cpu=generic --host=i586-suse-linux
Thread model: posix
gcc version 4.1.2 20061115 (prerelease) (SUSE Linux)
configure:2641: $? = 0
configure:2648: gcc -V >&5
gcc: '-V' option must have argument
configure:2651: $? = 1
configure:2674: checking for C compiler default output file name
configure:2701: gcc    conftest.c  >&5
configure:2704: $? = 0
configure:2750: result: a.out
configure:2755: checking whether the C compiler works
configure:2765: ./a.out
configure:2768: $? = 0
configure:2785: result: yes
configure:2792: checking whether we are cross compiling
configure:2794: result: no
configure:2797: checking for suffix of executables
configure:2804: gcc -o conftest    conftest.c  >&5
configure:2807: $? = 0
configure:2831: result: 
configure:2837: checking for suffix of object files
configure:2863: gcc -c   conftest.c >&5
configure:2866: $? = 0
configure:2889: result: o
configure:2893: checking whether we are using the GNU C compiler
configure:2922: gcc -c   conftest.c >&5
configure:2928: $? = 0
configure:2935: test -z "$ac_c_werror_flag" || test ! -s conftest.err
configure:2938: $? = 0
configure:2945: test -s conftest.o
configure:2948: $? = 0
configure:2962: result: yes
configure:2967: checking whether gcc accepts -g
configure:2997: gcc -c -g  conftest.c >&5
configure:3003: $? = 0
configure:3010: test -z "$ac_c_werror_flag" || test ! -s conftest.err
configure:3013: $? = 0
configure:3020: test -s conftest.o
configure:3023: $? = 0
configure:3153: result: yes
configure:3170: checking for gcc option to accept ISO C89
configure:3244: gcc  -c -g -O2  conftest.c >&5
configure:3250: $? = 0
configure:3257: test -z "$ac_c_werror_flag" || test ! -s conftest.err
configure:3260: $? = 0
configure:3267: test -s conftest.o
configure:3270: $? = 0
configure:3290: result: none needed
configure:3310: checking dependency style of gcc
configure:3401: result: gcc3
configure:3417: checking for library containing strerror
configure:3458: gcc -o conftest -g -O2   conftest.c  >&5
configure:3464: $? = 0
configure:3471: test -z "$ac_c_werror_flag" || test ! -s conftest.err
configure:3474: $? = 0
configure:3481: test -s conftest
configure:3484: $? = 0
configure:3508: result: none required
configure:3564: checking for gcc
configure:3591: result: gcc
configure:3829: checking for C compiler version
configure:3836: gcc --version >&5
gcc (GCC) 4.1.2 20061115 (prerelease) (SUSE Linux)
Copyright (C) 2006 Free Software Foundation, Inc.
This is free software; see the source for copying conditions.  There is NO
warranty; not even for MERCHANTABILITY or FITNESS FOR A PARTICULAR PURPOSE.

configure:3839: $? = 0
configure:3846: gcc -v >&5
Using built-in specs.
Target: i586-suse-linux
Configured with: ../configure --enable-threads=posix --prefix=/usr --with-local-prefix=/usr/local --infodir=/usr/share/info --mandir=/usr/share/man --libdir=/usr/lib --libexecdir=/usr/lib --enable-languages=c,c++,objc,fortran,obj-c++,java,ada --enable-checking=release --with-gxx-include-dir=/usr/include/c++/4.1.2 --enable-ssp --disable-libssp --disable-libgcj --with-slibdir=/lib --with-system-zlib --enable-shared --enable-__cxa_atexit --enable-libstdcxx-allocator=new --program-suffix=-4.1 --enable-version-specific-runtime-libs --without-system-libunwind --with-cpu=generic --host=i586-suse-linux
Thread model: posix
gcc version 4.1.2 20061115 (prerelease) (SUSE Linux)
configure:3849: $? = 0
configure:3856: gcc -V >&5
gcc: '-V' option must have argument
configure:3859: $? = 1
configure:3862: checking whether we are using the GNU C compiler
configure:3931: result: yes
configure:3936: checking whether gcc accepts -g
configure:4122: result: yes
configure:4139: checking for gcc option to accept ISO C89
configure:4259: result: none needed
configure:4279: checking dependency style of gcc
configure:4370: result: gcc3
configure:4433: checking for gcc
configure:4460: result: gcc
configure:4698: checking for C compiler version
configure:4705: gcc --version >&5
gcc (GCC) 4.1.2 20061115 (prerelease) (SUSE Linux)
Copyright (C) 2006 Free Software Foundation, Inc.
This is free software; see the source for copying conditions.  There is NO
warranty; not even for MERCHANTABILITY or FITNESS FOR A PARTICULAR PURPOSE.

configure:4708: $? = 0
configure:4715: gcc -v >&5
Using built-in specs.
Target: i586-suse-linux
Configured with: ../configure --enable-threads=posix --prefix=/usr --with-local-prefix=/usr/local --infodir=/usr/share/info --mandir=/usr/share/man --libdir=/usr/lib --libexecdir=/usr/lib --enable-languages=c,c++,objc,fortran,obj-c++,java,ada --enable-checking=release --with-gxx-include-dir=/usr/include/c++/4.1.2 --enable-ssp --disable-libssp --disable-libgcj --with-slibdir=/lib --with-system-zlib --enable-shared --enable-__cxa_atexit --enable-libstdcxx-allocator=new --program-suffix=-4.1 --enable-version-specific-runtime-libs --without-system-libunwind --with-cpu=generic --host=i586-suse-linux
Thread model: posix
gcc version 4.1.2 20061115 (prerelease) (SUSE Linux)
configure:4718: $? = 0
configure:4725: gcc -V >&5
gcc: '-V' option must have argument
configure:4728: $? = 1
configure:4731: checking whether we are using the GNU C compiler
configure:4800: result: yes
configure:4805: checking whether gcc accepts -g
configure:4991: result: yes
configure:5008: checking for gcc option to accept ISO C89
configure:5128: result: none needed
configure:5148: checking dependency style of gcc
configure:5239: result: gcc3
configure:5262: checking how to run the C preprocessor
configure:5302: gcc -E  conftest.c
configure:5308: $? = 0
configure:5346: gcc -E  conftest.c
conftest.c:10:28: error: ac_nonexistent.h: No such file or directory
configure:5352: $? = 1
configure: failed program was:
| /* confdefs.h.  */
| #define PACKAGE_NAME ""
| #define PACKAGE_TARNAME ""
| #define PACKAGE_VERSION ""
| #define PACKAGE_STRING ""
| #define PACKAGE_BUGREPORT ""
| #define PACKAGE "Scorpius09"
| #define VERSION "0.7.1"
| /* end confdefs.h.  */
| #include <ac_nonexistent.h>
configure:5392: result: gcc -E
configure:5421: gcc -E  conftest.c
configure:5427: $? = 0
configure:5465: gcc -E  conftest.c
conftest.c:10:28: error: ac_nonexistent.h: No such file or directory
configure:5471: $? = 1
configure: failed program was:
| /* confdefs.h.  */
| #define PACKAGE_NAME ""
| #define PACKAGE_TARNAME ""
| #define PACKAGE_VERSION ""
| #define PACKAGE_STRING ""
| #define PACKAGE_BUGREPORT ""
| #define PACKAGE "Scorpius09"
| #define VERSION "0.7.1"
| /* end confdefs.h.  */
| #include <ac_nonexistent.h>
configure:5516: checking for grep that handles long lines and -e
configure:5590: result: /usr/bin/grep
configure:5595: checking for egrep
configure:5673: result: /usr/bin/grep -E
configure:5678: checking for ANSI C header files
configure:5708: gcc -c -g -O2  conftest.c >&5
configure:5714: $? = 0
configure:5721: test -z "$ac_c_werror_flag" || test ! -s conftest.err
configure:5724: $? = 0
configure:5731: test -s conftest.o
configure:5734: $? = 0
configure:5830: gcc -o conftest -g -O2   conftest.c  >&5
configure:5833: $? = 0
configure:5839: ./conftest
configure:5842: $? = 0
configure:5859: result: yes
configure:5875: checking how to run the C preprocessor
configure:6005: result: gcc -E
configure:6034: gcc -E  conftest.c
configure:6040: $? = 0
configure:6078: gcc -E  conftest.c
conftest.c:11:28: error: ac_nonexistent.h: No such file or directory
configure:6084: $? = 1
configure: failed program was:
| /* confdefs.h.  */
| #define PACKAGE_NAME ""
| #define PACKAGE_TARNAME ""
| #define PACKAGE_VERSION ""
| #define PACKAGE_STRING ""
| #define PACKAGE_BUGREPORT ""
| #define PACKAGE "Scorpius09"
| #define VERSION "0.7.1"
| #define STDC_HEADERS 1
| /* end confdefs.h.  */
| #include <ac_nonexistent.h>
configure:6186: checking for g++
configure:6202: found /usr/bin/g++
configure:6213: result: g++
configure:6244: checking for C++ compiler version
configure:6251: g++ --version >&5
g++ (GCC) 4.1.2 20061115 (prerelease) (SUSE Linux)
Copyright (C) 2006 Free Software Foundation, Inc.
This is free software; see the source for copying conditions.  There is NO
warranty; not even for MERCHANTABILITY or FITNESS FOR A PARTICULAR PURPOSE.

configure:6254: $? = 0
configure:6261: g++ -v >&5
Using built-in specs.
Target: i586-suse-linux
Configured with: ../configure --enable-threads=posix --prefix=/usr --with-local-prefix=/usr/local --infodir=/usr/share/info --mandir=/usr/share/man --libdir=/usr/lib --libexecdir=/usr/lib --enable-languages=c,c++,objc,fortran,obj-c++,java,ada --enable-checking=release --with-gxx-include-dir=/usr/include/c++/4.1.2 --enable-ssp --disable-libssp --disable-libgcj --with-slibdir=/lib --with-system-zlib --enable-shared --enable-__cxa_atexit --enable-libstdcxx-allocator=new --program-suffix=-4.1 --enable-version-specific-runtime-libs --without-system-libunwind --with-cpu=generic --host=i586-suse-linux
Thread model: posix
gcc version 4.1.2 20061115 (prerelease) (SUSE Linux)
configure:6264: $? = 0
configure:6271: g++ -V >&5
g++: '-V' option must have argument
configure:6274: $? = 1
configure:6277: checking whether we are using the GNU C++ compiler
configure:6306: g++ -c   conftest.cpp >&5
configure:6312: $? = 0
configure:6319: test -z "$ac_cxx_werror_flag" || test ! -s conftest.err
configure:6322: $? = 0
configure:6329: test -s conftest.o
configure:6332: $? = 0
configure:6346: result: yes
configure:6351: checking whether g++ accepts -g
configure:6381: g++ -c -g  conftest.cpp >&5
configure:6387: $? = 0
configure:6394: test -z "$ac_cxx_werror_flag" || test ! -s conftest.err
configure:6397: $? = 0
configure:6404: test -s conftest.o
configure:6407: $? = 0
configure:6537: result: yes
configure:6562: checking dependency style of g++
configure:6653: result: gcc3
configure:6692: checking for sys/types.h
configure:6713: gcc -c -g -O2  conftest.c >&5
configure:6719: $? = 0
configure:6726: test -z "$ac_c_werror_flag" || test ! -s conftest.err
configure:6729: $? = 0
configure:6736: test -s conftest.o
configure:6739: $? = 0
configure:6752: result: yes
configure:6692: checking for sys/stat.h
configure:6713: gcc -c -g -O2  conftest.c >&5
configure:6719: $? = 0
configure:6726: test -z "$ac_c_werror_flag" || test ! -s conftest.err
configure:6729: $? = 0
configure:6736: test -s conftest.o
configure:6739: $? = 0
configure:6752: result: yes
configure:6692: checking for stdlib.h
configure:6713: gcc -c -g -O2  conftest.c >&5
configure:6719: $? = 0
configure:6726: test -z "$ac_c_werror_flag" || test ! -s conftest.err
configure:6729: $? = 0
configure:6736: test -s conftest.o
configure:6739: $? = 0
configure:6752: result: yes
configure:6692: checking for string.h
configure:6713: gcc -c -g -O2  conftest.c >&5
configure:6719: $? = 0
configure:6726: test -z "$ac_c_werror_flag" || test ! -s conftest.err
configure:6729: $? = 0
configure:6736: test -s conftest.o
configure:6739: $? = 0
configure:6752: result: yes
configure:6692: checking for memory.h
configure:6713: gcc -c -g -O2  conftest.c >&5
configure:6719: $? = 0
configure:6726: test -z "$ac_c_werror_flag" || test ! -s conftest.err
configure:6729: $? = 0
configure:6736: test -s conftest.o
configure:6739: $? = 0
configure:6752: result: yes
configure:6692: checking for strings.h
configure:6713: gcc -c -g -O2  conftest.c >&5
configure:6719: $? = 0
configure:6726: test -z "$ac_c_werror_flag" || test ! -s conftest.err
configure:6729: $? = 0
configure:6736: test -s conftest.o
configure:6739: $? = 0
configure:6752: result: yes
configure:6692: checking for inttypes.h
configure:6713: gcc -c -g -O2  conftest.c >&5
configure:6719: $? = 0
configure:6726: test -z "$ac_c_werror_flag" || test ! -s conftest.err
configure:6729: $? = 0
configure:6736: test -s conftest.o
configure:6739: $? = 0
configure:6752: result: yes
configure:6692: checking for stdint.h
configure:6713: gcc -c -g -O2  conftest.c >&5
configure:6719: $? = 0
configure:6726: test -z "$ac_c_werror_flag" || test ! -s conftest.err
configure:6729: $? = 0
configure:6736: test -s conftest.o
configure:6739: $? = 0
configure:6752: result: yes
configure:6692: checking for unistd.h
configure:6713: gcc -c -g -O2  conftest.c >&5
configure:6719: $? = 0
configure:6726: test -z "$ac_c_werror_flag" || test ! -s conftest.err
configure:6729: $? = 0
configure:6736: test -s conftest.o
configure:6739: $? = 0
configure:6752: result: yes
configure:6780: checking locale.h usability
configure:6797: gcc -c -g -O2  conftest.c >&5
configure:6803: $? = 0
configure:6810: test -z "$ac_c_werror_flag" || test ! -s conftest.err
configure:6813: $? = 0
configure:6820: test -s conftest.o
configure:6823: $? = 0
configure:6834: result: yes
configure:6838: checking locale.h presence
configure:6853: gcc -E  conftest.c
configure:6859: $? = 0
configure:6880: result: yes
configure:6908: checking for locale.h
configure:6916: result: yes
configure:6930: checking for LC_MESSAGES
configure:6956: gcc -o conftest -g -O2   conftest.c  >&5
configure:6962: $? = 0
configure:6969: test -z "$ac_c_werror_flag" || test ! -s conftest.err
configure:6972: $? = 0
configure:6979: test -s conftest
configure:6982: $? = 0
configure:6995: result: yes
configure:7024: checking libintl.h usability
configure:7041: gcc -c -g -O2  conftest.c >&5
configure:7047: $? = 0
configure:7054: test -z "$ac_c_werror_flag" || test ! -s conftest.err
configure:7057: $? = 0
configure:7064: test -s conftest.o
configure:7067: $? = 0
configure:7078: result: yes
configure:7082: checking libintl.h presence
configure:7097: gcc -E  conftest.c
configure:7103: $? = 0
configure:7124: result: yes
configure:7152: checking for libintl.h
configure:7159: result: yes
configure:7170: checking for ngettext in libc
configure:7198: gcc -o conftest -g -O2   conftest.c  >&5
configure:7204: $? = 0
configure:7211: test -z "$ac_c_werror_flag" || test ! -s conftest.err
configure:7214: $? = 0
configure:7221: test -s conftest
configure:7224: $? = 0
configure:7238: result: yes
configure:7242: checking for dgettext in libc
configure:7270: gcc -o conftest -g -O2   conftest.c  >&5
configure:7276: $? = 0
configure:7283: test -z "$ac_c_werror_flag" || test ! -s conftest.err
configure:7286: $? = 0
configure:7293: test -s conftest
configure:7296: $? = 0
configure:7310: result: yes
configure:7319: checking for bind_textdomain_codeset
configure:7375: gcc -o conftest -g -O2   conftest.c  >&5
configure:7381: $? = 0
configure:7388: test -z "$ac_c_werror_flag" || test ! -s conftest.err
configure:7391: $? = 0
configure:7398: test -s conftest
configure:7401: $? = 0
configure:7415: result: yes
configure:7998: checking for msgfmt
configure:8025: result: /usr/bin/msgfmt
configure:8038: checking for dcgettext
configure:8094: gcc -o conftest -g -O2   conftest.c   >&5
conftest.c:48: warning: conflicting types for built-in function 'dcgettext'
configure:8100: $? = 0
configure:8107: test -z "$ac_c_werror_flag" || test ! -s conftest.err
configure:8110: $? = 0
configure:8117: test -s conftest
configure:8120: $? = 0
configure:8134: result: yes
configure:8146: checking for gmsgfmt
configure:8177: result: /usr/bin/msgfmt
configure:8187: checking for xgettext
configure:8214: result: /usr/bin/xgettext
configure:8243: gcc -o conftest -g -O2   conftest.c   >&5
configure:8249: $? = 0
configure:8256: test -z "$ac_c_werror_flag" || test ! -s conftest.err
configure:8259: $? = 0
configure:8266: test -s conftest
configure:8269: $? = 0
configure:8727: creating ./config.status

## ---------------------- ##
## Running config.status. ##
## ---------------------- ##

This file was extended by config.status, which was
generated by GNU Autoconf 2.60.  Invocation command line was

  CONFIG_FILES    = 
  CONFIG_HEADERS  = 
  CONFIG_LINKS    = 
  CONFIG_COMMANDS = 
  $ ./config.status 

on linux-0ml1

config.status:663: creating Makefile
config.status:663: creating po/Makefile.in
config.status:803: WARNING:  po/Makefile.in.in seems to ignore the --datarootdir setting
config.status:663: creating src/Makefile
config.status:663: creating config.h
config.status:950: executing depfiles commands
config.status:950: executing default-1 commands

## ---------------- ##
## Cache variables. ##
## ---------------- ##

ac_cv_c_compiler_gnu=yes
ac_cv_cxx_compiler_gnu=yes
ac_cv_env_CCC_set=
ac_cv_env_CCC_value=
ac_cv_env_CC_set=
ac_cv_env_CC_value=
ac_cv_env_CFLAGS_set=
ac_cv_env_CFLAGS_value=
ac_cv_env_CPPFLAGS_set=
ac_cv_env_CPPFLAGS_value=
ac_cv_env_CPP_set=
ac_cv_env_CPP_value=
ac_cv_env_CXXFLAGS_set=
ac_cv_env_CXXFLAGS_value=
ac_cv_env_CXX_set=
ac_cv_env_CXX_value=
ac_cv_env_LDFLAGS_set=
ac_cv_env_LDFLAGS_value=
ac_cv_env_build_alias_set=
ac_cv_env_build_alias_value=
ac_cv_env_host_alias_set=
ac_cv_env_host_alias_value=
ac_cv_env_target_alias_set=
ac_cv_env_target_alias_value=
ac_cv_func_bind_textdomain_codeset=yes
ac_cv_func_dcgettext=yes
ac_cv_header_inttypes_h=yes
ac_cv_header_libintl_h=yes
ac_cv_header_locale_h=yes
ac_cv_header_memory_h=yes
ac_cv_header_stdc=yes
ac_cv_header_stdint_h=yes
ac_cv_header_stdlib_h=yes
ac_cv_header_string_h=yes
ac_cv_header_strings_h=yes
ac_cv_header_sys_stat_h=yes
ac_cv_header_sys_types_h=yes
ac_cv_header_unistd_h=yes
ac_cv_objext=o
ac_cv_path_EGREP='/usr/bin/grep -E'
ac_cv_path_GMSGFMT=/usr/bin/msgfmt
ac_cv_path_GREP=/usr/bin/grep
ac_cv_path_MSGFMT=/usr/bin/msgfmt
ac_cv_path_XGETTEXT=/usr/bin/xgettext
ac_cv_path_install='/usr/bin/install -c'
ac_cv_path_mkdir=/bin/mkdir
ac_cv_prog_AWK=gawk
ac_cv_prog_CPP='gcc -E'
ac_cv_prog_ac_ct_CC=gcc
ac_cv_prog_ac_ct_CXX=g++
ac_cv_prog_cc_c89=
ac_cv_prog_cc_g=yes
ac_cv_prog_cxx_g=yes
ac_cv_prog_make_make_set=yes
ac_cv_search_strerror='none required'
am_cv_CC_dependencies_compiler_type=gcc3
am_cv_CXX_dependencies_compiler_type=gcc3
am_cv_prog_cc_stdc=
am_cv_val_LC_MESSAGES=yes
gt_cv_func_dgettext_libc=yes
gt_cv_func_dgettext_libintl=no
gt_cv_func_ngettext_libc=yes
gt_cv_have_gettext=yes

## ----------------- ##
## Output variables. ##
## ----------------- ##

ACLOCAL='${SHELL} /home/Amir/Projects/Scorpius09/missing --run aclocal-1.10'
AMDEPBACKSLASH='\'
AMDEP_FALSE='#'
AMDEP_TRUE=''
AMTAR='${SHELL} /home/Amir/Projects/Scorpius09/missing --run tar'
AUTOCONF='${SHELL} /home/Amir/Projects/Scorpius09/missing --run autoconf'
AUTOHEADER='${SHELL} /home/Amir/Projects/Scorpius09/missing --run autoheader'
AUTOMAKE='${SHELL} /home/Amir/Projects/Scorpius09/missing --run automake-1.10'
AWK='gawk'
CATALOGS=''
CATOBJEXT='.gmo'
CC='gcc'
CCDEPMODE='depmode=gcc3'
CFLAGS='-g -O2'
CPP='gcc -E'
CPPFLAGS=''
CXX='g++'
CXXDEPMODE='depmode=gcc3'
CXXFLAGS='-g -O2'
CYGPATH_W='echo'
DATADIRNAME='share'
DEFS='-DHAVE_CONFIG_H'
DEPDIR='.deps'
ECHO_C=''
ECHO_N='-n'
ECHO_T=''
EGREP='/usr/bin/grep -E'
EXEEXT=''
GETTEXT_PACKAGE='Scorpius09'
GMOFILES=''
GMSGFMT='/usr/bin/msgfmt'
GREP='/usr/bin/grep'
INSTALL_DATA='${INSTALL} -m 644'
INSTALL_PROGRAM='${INSTALL}'
INSTALL_SCRIPT='${INSTALL}'
INSTALL_STRIP_PROGRAM='$(install_sh) -c -s'
INSTOBJEXT='.mo'
INTLLIBS=''
LDFLAGS=''
LIBOBJS=''
LIBS=''
LTLIBOBJS=''
MAINT=''
MAINTAINER_MODE_FALSE='#'
MAINTAINER_MODE_TRUE=''
MAKEINFO='${SHELL} /home/Amir/Projects/Scorpius09/missing --run makeinfo'
MSGFMT='/usr/bin/msgfmt'
NO_PREFIX_PACKAGE_DATA_DIR='share'
NO_PREFIX_PACKAGE_DOC_DIR='doc/Scorpius09'
NO_PREFIX_PACKAGE_HELP_DIR='share/help'
NO_PREFIX_PACKAGE_MENU_DIR='share'
NO_PREFIX_PACKAGE_PIXMAPS_DIR='share/pixmaps'
OBJEXT='o'
PACKAGE='Scorpius09'
PACKAGE_BUGREPORT=''
PACKAGE_DATA_DIR='/usr/local/share'
PACKAGE_DOC_DIR='/usr/local/doc/Scorpius09'
PACKAGE_HELP_DIR='/usr/local/share/help'
PACKAGE_MENU_DIR='/usr/local/share'
PACKAGE_NAME=''
PACKAGE_PIXMAPS_DIR='/usr/local/share/pixmaps'
PACKAGE_STRING=''
PACKAGE_TARNAME=''
PACKAGE_VERSION=''
PATH_SEPARATOR=':'
POFILES=''
POSUB='po'
PO_IN_DATADIR_FALSE=''
PO_IN_DATADIR_TRUE=''
SET_MAKE=''
SHELL='/bin/sh'
STRIP=''
USE_NLS='yes'
VERSION='0.7.1'
XGETTEXT='/usr/bin/xgettext'
ac_ct_CC='gcc'
ac_ct_CXX='g++'
am__fastdepCC_FALSE='#'
am__fastdepCC_TRUE=''
am__fastdepCXX_FALSE='#'
am__fastdepCXX_TRUE=''
am__include='include'
am__isrc=''
am__leading_dot='.'
am__quote=''
am__tar='${AMTAR} chof - "$$tardir"'
am__untar='${AMTAR} xf -'
bindir='${exec_prefix}/bin'
build_alias=''
datadir='${datarootdir}'
datarootdir='${prefix}/share'
docdir='${datarootdir}/doc/${PACKAGE}'
dvidir='${docdir}'
exec_prefix='${prefix}'
host_alias=''
htmldir='${docdir}'
includedir='${prefix}/include'
infodir='${datarootdir}/info'
install_sh='$(SHELL) /home/Amir/Projects/Scorpius09/install-sh'
libdir='${exec_prefix}/lib'
libexecdir='${exec_prefix}/libexec'
localedir='${datarootdir}/locale'
localstatedir='${prefix}/var'
mandir='${datarootdir}/man'
mkdir_p='/bin/mkdir -p'
oldincludedir='/usr/include'
pdfdir='${docdir}'
prefix='/usr/local'
program_transform_name='s,x,x,'
psdir='${docdir}'
sbindir='${exec_prefix}/sbin'
sharedstatedir='${prefix}/com'
sysconfdir='${prefix}/etc'
target_alias=''

## ----------- ##
## confdefs.h. ##
## ----------- ##

#define PACKAGE_NAME ""
#define PACKAGE_TARNAME ""
#define PACKAGE_VERSION ""
#define PACKAGE_STRING ""
#define PACKAGE_BUGREPORT ""
#define PACKAGE "Scorpius09"
#define VERSION "0.7.1"
#define STDC_HEADERS 1
#define GETTEXT_PACKAGE "Scorpius09"
#define HAVE_SYS_TYPES_H 1
#define HAVE_SYS_STAT_H 1
#define HAVE_STDLIB_H 1
#define HAVE_STRING_H 1
#define HAVE_MEMORY_H 1
#define HAVE_STRINGS_H 1
#define HAVE_INTTYPES_H 1
#define HAVE_STDINT_H 1
#define HAVE_UNISTD_H 1
#define HAVE_LOCALE_H 1
#define HAVE_LC_MESSAGES 1
#define HAVE_BIND_TEXTDOMAIN_CODESET 1
#define HAVE_GETTEXT 1
#define HAVE_DCGETTEXT 1
#define ENABLE_NLS 1
#define PACKAGE_LOCALE_DIR "/usr/local/share/locale"
#define PACKAGE_DATA_DIR "/usr/local/share"
#define PACKAGE_DOC_DIR "/usr/local/doc/Scorpius09"
#define PACKAGE_PIXMAPS_DIR "/usr/local/share/pixmaps"
#define PACKAGE_HELP_DIR "/usr/local/share/help"
#define PACKAGE_MENU_DIR "/usr/local/share"
#define PACKAGE_SOURCE_DIR "/home/Amir/Projects/Scorpius09"

configure: exit 0

## ---------------------- ##
## Running config.status. ##
## ---------------------- ##

This file was extended by config.status, which was
generated by GNU Autoconf 2.60.  Invocation command line was

  CONFIG_FILES    = po/Makefile.in
  CONFIG_HEADERS  = 
  CONFIG_LINKS    = 
  CONFIG_COMMANDS = 
  $ ./config.status 

on hadi

config.status:663: creating po/Makefile.in
config.status:803: WARNING:  po/Makefile.in.in seems to ignore the --datarootdir setting
config.status:950: executing depfiles commands
config.status:950: executing default-1 commands
